<?xml version="1.0" encoding="UTF-8"?>
<!-- Generated by org.testng.reporters.JUnitReportReporter -->
<testsuite hostname="Srikanths-MacBook-Pro.local" name="com.test.TestNG" tests="1" failures="0" timestamp="21 Mar 2016 17:24:09 GMT" time="0.008" errors="0">
  <testcase name="testAdditon" time="0.008" classname="com.test.TestNG"/>
</testsuite> <!-- com.test.TestNG -->
