<?xml version="1.0" encoding="UTF-8"?>
<!-- Generated by org.testng.reporters.JUnitReportReporter -->
<testsuite hostname="Srikanths-MacBook-Pro.local" name="com.test.TestMathOps" tests="3" failures="0" timestamp="21 Mar 2016 17:46:52 GMT" time="0.037" errors="0">
  <testcase name="testAdditon" time="0.002" classname="com.test.TestMathOps"/>
  <testcase name="message" time="0.032" classname="com.test.TestMathOps"/>
  <testcase name="testSubstraction" time="0.003" classname="com.test.TestMathOps"/>
</testsuite> <!-- com.test.TestMathOps -->
