<?xml version="1.0" encoding="UTF-8"?>
<!-- Generated by org.testng.reporters.JUnitReportReporter -->
<testsuite hostname="Srikanths-MacBook-Pro.local" name="com.test.testng.TestMathOps" tests="3" failures="0" timestamp="22 Mar 2016 10:16:21 GMT" time="0.010" errors="0">
  <testcase name="message" time="0.009" classname="com.test.testng.TestMathOps"/>
  <testcase name="testSubstraction" time="0.000" classname="com.test.testng.TestMathOps"/>
  <testcase name="testAdditon" time="0.001" classname="com.test.testng.TestMathOps"/>
</testsuite> <!-- com.test.testng.TestMathOps -->
